<?xml version="1.0" encoding="UTF-8" ?>
<testsuite tests="3" failures="0" name="com.soelynn.fsa.FSA_D_Recognize_Currency_Test" time="0.003" errors="0" skipped="0">
  <properties>
[...]
</properties>
  <testcase classname="com.soelynn.fsa.FSA_D_Recognize_Currency_Test" name="testD_Recognize_positive_test_1" time="0.002"/>
  <testcase classname="com.soelynn.fsa.FSA_D_Recognize_Currency_Test" name="testD_Recognize_positive_test_2" time="0"/>
  <testcase classname="com.soelynn.fsa.FSA_D_Recognize_Currency_Test" name="testD_Recognize_positive_test_3" time="0.001"/>
</testsuite>